<?xml version="1.0" encoding="UTF-8"?>
<testsuite name="HumanTests" tests="10" skipped="0" failures="0" errors="0" timestamp="2017-03-16T20:01:12" hostname="Eugene" time="0.01">
  <properties/>
  <testcase name="testSetHeightInCentimetersTooTallException" classname="HumanTests" time="0.003"/>
  <testcase name="testGetWeightInPounds" classname="HumanTests" time="0.001"/>
  <testcase name="testGetHeightInCentimeters" classname="HumanTests" time="0.0"/>
  <testcase name="testSetWeightInPoundsNegativeWeightException" classname="HumanTests" time="0.0"/>
  <testcase name="testGetFirstName" classname="HumanTests" time="0.001"/>
  <testcase name="testSetWeightInPoundsTooHeavyException" classname="HumanTests" time="0.0"/>
  <testcase name="testGetAge" classname="HumanTests" time="0.0"/>
  <testcase name="testSetAgeNegativeAgeException" classname="HumanTests" time="0.0"/>
  <testcase name="testSetHeightInCentimetersNegativeHeightException" classname="HumanTests" time="0.0"/>
  <testcase name="testGetSecondName" classname="HumanTests" time="0.0"/>
  <system-out><![CDATA[]]></system-out>
  <system-err><![CDATA[]]></system-err>
</testsuite>
