<?xml version="1.0" encoding="UTF-8"?>
<testsuite name="EircodeTests" tests="16" skipped="0" failures="0" errors="0" timestamp="2017-04-27T16:09:29" hostname="Eugene" time="1.959">
  <properties/>
  <testcase name="testEircodeTooShort" classname="EircodeTests" time="1.164"/>
  <testcase name="testEircodeTooLong" classname="EircodeTests" time="0.003"/>
  <testcase name="testGetEircode" classname="EircodeTests" time="0.003"/>
  <testcase name="testCompleteAddress" classname="EircodeTests" time="0.033"/>
  <testcase name="testCountryInProvidedAddress" classname="EircodeTests" time="0.001"/>
  <testcase name="testCompleteAddress2" classname="EircodeTests" time="0.18"/>
  <testcase name="testCompleteAddress3" classname="EircodeTests" time="0.002"/>
  <testcase name="testCompleteAddress4" classname="EircodeTests" time="0.002"/>
  <testcase name="testEircodeTooShort" classname="EircodeTests" time="0.001"/>
  <testcase name="testEircodeTooLong" classname="EircodeTests" time="0.0"/>
  <testcase name="testGetEircode" classname="EircodeTests" time="0.0"/>
  <testcase name="testCompleteAddress" classname="EircodeTests" time="0.0"/>
  <testcase name="testCountryInProvidedAddress" classname="EircodeTests" time="0.0"/>
  <testcase name="testCompleteAddress2" classname="EircodeTests" time="0.001"/>
  <testcase name="testCompleteAddress3" classname="EircodeTests" time="0.003"/>
  <testcase name="testCompleteAddress4" classname="EircodeTests" time="0.001"/>
  <system-out><![CDATA[]]></system-out>
  <system-err><![CDATA[]]></system-err>
</testsuite>
