<?xml version="1.0" encoding="UTF-8"?>
<testsuite name="HumanTests" tests="4" skipped="0" failures="0" errors="0" timestamp="2017-03-10T12:32:32" hostname="Eugene" time="0.003">
  <properties/>
  <testcase name="testGetSecondName3" classname="HumanTests" time="0.002"/>
  <testcase name="testGetSecondName4" classname="HumanTests" time="0.001"/>
  <testcase name="testGetFirstName" classname="HumanTests" time="0.0"/>
  <testcase name="testGetSecondName" classname="HumanTests" time="0.0"/>
  <system-out><![CDATA[]]></system-out>
  <system-err><![CDATA[]]></system-err>
</testsuite>
