<?xml version="1.0" encoding="UTF-8"?>
<testsuite name="HumanTests" tests="31" skipped="0" failures="1" errors="0" timestamp="2017-03-25T15:35:13" hostname="Eugene" time="0.255">
  <properties/>
  <testcase name="testFailedDoubleHypenatedFirstName" classname="HumanTests" time="0.014"/>
  <testcase name="testSetHeightInCentimetersTooTallException" classname="HumanTests" time="0.001"/>
  <testcase name="testDoubleFadaIrishFirstName" classname="HumanTests" time="0.002"/>
  <testcase name="testDoubleHypenatedLastName" classname="HumanTests" time="0.007"/>
  <testcase name="testSetFirstName" classname="HumanTests" time="0.002"/>
  <testcase name="testLastNameWithSpaceCommaFullStop" classname="HumanTests" time="0.001"/>
  <testcase name="testSetWeightInPounds" classname="HumanTests" time="0.001"/>
  <testcase name="testFadaWithApostropheIrishFirstName" classname="HumanTests" time="0.001"/>
  <testcase name="testDoubleHypenatedFirstName" classname="HumanTests" time="0.001"/>
  <testcase name="testGetWeightInPounds" classname="HumanTests" time="0.001"/>
  <testcase name="testSetLastName" classname="HumanTests" time="0.001"/>
  <testcase name="testGetLastName" classname="HumanTests" time="0.003"/>
  <testcase name="testApostropheLastName" classname="HumanTests" time="0.002"/>
  <testcase name="testGetHeightInCentimeters" classname="HumanTests" time="0.0"/>
  <testcase name="testSetWeightInPoundsNegativeWeightException" classname="HumanTests" time="0.003"/>
  <testcase name="testSingleFadaIrishLastNameWithSpace" classname="HumanTests" time="0.006"/>
  <testcase name="testHypenatedLastName" classname="HumanTests" time="0.0"/>
  <testcase name="testFirstNameWithSpace" classname="HumanTests" time="0.001"/>
  <testcase name="testSingleFadaIrishFirstName" classname="HumanTests" time="0.001"/>
  <testcase name="testGetFirstName" classname="HumanTests" time="0.0"/>
  <testcase name="testSetWeightInPoundsTooHeavyException" classname="HumanTests" time="0.001"/>
  <testcase name="testHypenatedFirstName" classname="HumanTests" time="0.001"/>
  <testcase name="testGetAge" classname="HumanTests" time="0.0"/>
  <testcase name="testSetAgeNegativeAgeException" classname="HumanTests" time="0.0"/>
  <testcase name="testSetFirstNameWithNumber" classname="HumanTests" time="0.062"/>
  <testcase name="testSetHeightInCentimeters" classname="HumanTests" time="0.004"/>
  <testcase name="testSetHeightInCentimetersNegativeHeightException" classname="HumanTests" time="0.01"/>
  <testcase name="testSetFirstNameWithSymbol" classname="HumanTests" time="0.006"/>
  <testcase name="testSetAge" classname="HumanTests" time="0.003"/>
  <testcase name="testSetLastNameWithSymbol" classname="HumanTests" time="0.032">
    <failure message="java.lang.AssertionError: Expected exception: java.lang.IllegalArgumentException" type="java.lang.AssertionError">java.lang.AssertionError: Expected exception: java.lang.IllegalArgumentException
	at org.junit.internal.runners.statements.ExpectException.evaluate(ExpectException.java:32)
	at org.junit.runners.ParentRunner.runLeaf(ParentRunner.java:325)
	at org.junit.runners.BlockJUnit4ClassRunner.runChild(BlockJUnit4ClassRunner.java:78)
	at org.junit.runners.BlockJUnit4ClassRunner.runChild(BlockJUnit4ClassRunner.java:57)
	at org.junit.runners.ParentRunner$3.run(ParentRunner.java:290)
	at org.junit.runners.ParentRunner$1.schedule(ParentRunner.java:71)
	at org.junit.runners.ParentRunner.runChildren(ParentRunner.java:288)
	at org.junit.runners.ParentRunner.access$000(ParentRunner.java:58)
	at org.junit.runners.ParentRunner$2.evaluate(ParentRunner.java:268)
	at org.junit.runners.ParentRunner.run(ParentRunner.java:363)
	at org.gradle.api.internal.tasks.testing.junit.JUnitTestClassExecuter.runTestClass(JUnitTestClassExecuter.java:114)
	at org.gradle.api.internal.tasks.testing.junit.JUnitTestClassExecuter.execute(JUnitTestClassExecuter.java:57)
	at org.gradle.api.internal.tasks.testing.junit.JUnitTestClassProcessor.processTestClass(JUnitTestClassProcessor.java:66)
	at org.gradle.api.internal.tasks.testing.SuiteTestClassProcessor.processTestClass(SuiteTestClassProcessor.java:51)
	at sun.reflect.NativeMethodAccessorImpl.invoke0(Native Method)
	at sun.reflect.NativeMethodAccessorImpl.invoke(NativeMethodAccessorImpl.java:62)
	at sun.reflect.DelegatingMethodAccessorImpl.invoke(DelegatingMethodAccessorImpl.java:43)
	at java.lang.reflect.Method.invoke(Method.java:498)
	at org.gradle.internal.dispatch.ReflectionDispatch.dispatch(ReflectionDispatch.java:35)
	at org.gradle.internal.dispatch.ReflectionDispatch.dispatch(ReflectionDispatch.java:24)
	at org.gradle.internal.dispatch.ContextClassLoaderDispatch.dispatch(ContextClassLoaderDispatch.java:32)
	at org.gradle.internal.dispatch.ProxyDispatchAdapter$DispatchingInvocationHandler.invoke(ProxyDispatchAdapter.java:93)
	at com.sun.proxy.$Proxy3.processTestClass(Unknown Source)
	at org.gradle.api.internal.tasks.testing.worker.TestWorker.processTestClass(TestWorker.java:109)
	at sun.reflect.NativeMethodAccessorImpl.invoke0(Native Method)
	at sun.reflect.NativeMethodAccessorImpl.invoke(NativeMethodAccessorImpl.java:62)
	at sun.reflect.DelegatingMethodAccessorImpl.invoke(DelegatingMethodAccessorImpl.java:43)
	at java.lang.reflect.Method.invoke(Method.java:498)
	at org.gradle.internal.dispatch.ReflectionDispatch.dispatch(ReflectionDispatch.java:35)
	at org.gradle.internal.dispatch.ReflectionDispatch.dispatch(ReflectionDispatch.java:24)
	at org.gradle.internal.remote.internal.hub.MessageHubBackedObjectConnection$DispatchWrapper.dispatch(MessageHubBackedObjectConnection.java:147)
	at org.gradle.internal.remote.internal.hub.MessageHubBackedObjectConnection$DispatchWrapper.dispatch(MessageHubBackedObjectConnection.java:129)
	at org.gradle.internal.remote.internal.hub.MessageHub$Handler.run(MessageHub.java:404)
	at org.gradle.internal.concurrent.ExecutorPolicy$CatchAndRecordFailures.onExecute(ExecutorPolicy.java:63)
	at org.gradle.internal.concurrent.StoppableExecutorImpl$1.run(StoppableExecutorImpl.java:46)
	at java.util.concurrent.ThreadPoolExecutor.runWorker(ThreadPoolExecutor.java:1142)
	at java.util.concurrent.ThreadPoolExecutor$Worker.run(ThreadPoolExecutor.java:617)
	at java.lang.Thread.run(Thread.java:745)
</failure>
  </testcase>
  <testcase name="testApostrophesFirstName" classname="HumanTests" time="0.0"/>
  <system-out><![CDATA[]]></system-out>
  <system-err><![CDATA[]]></system-err>
</testsuite>
